[debug] [2023-01-27T14:25:47.441Z] ----------------------------------------------------------------------
[debug] [2023-01-27T14:25:47.443Z] Command:       /usr/bin/node /usr/bin/firebase deploy
[debug] [2023-01-27T14:25:47.444Z] CLI Version:   11.16.0
[debug] [2023-01-27T14:25:47.444Z] Platform:      linux
[debug] [2023-01-27T14:25:47.444Z] Node Version:  v18.13.0
[debug] [2023-01-27T14:25:47.448Z] Time:          Fri Jan 27 2023 20:25:47 GMT+0600 (Bangladesh Standard Time)
[debug] [2023-01-27T14:25:47.448Z] ----------------------------------------------------------------------
[debug] 
[debug] [2023-01-27T14:25:47.513Z] > command requires scopes: ["email","openid","https://www.googleapis.com/auth/cloudplatformprojects.readonly","https://www.googleapis.com/auth/firebase","https://www.googleapis.com/auth/cloud-platform"]
[debug] [2023-01-27T14:25:47.513Z] > authorizing via signed-in user (rakibulinux@gmail.com)
[debug] [2023-01-27T14:25:47.514Z] [iam] checking project freemiumarticles for permissions ["firebase.projects.get","firebasehosting.sites.update"]
[debug] [2023-01-27T14:25:47.516Z] >>> [apiv2][query] POST https://cloudresourcemanager.googleapis.com/v1/projects/freemiumarticles:testIamPermissions [none]
[debug] [2023-01-27T14:25:47.516Z] >>> [apiv2][(partial)header] POST https://cloudresourcemanager.googleapis.com/v1/projects/freemiumarticles:testIamPermissions x-goog-quota-user=projects/freemiumarticles
[debug] [2023-01-27T14:25:47.516Z] >>> [apiv2][body] POST https://cloudresourcemanager.googleapis.com/v1/projects/freemiumarticles:testIamPermissions {"permissions":["firebase.projects.get","firebasehosting.sites.update"]}
[debug] [2023-01-27T14:25:49.013Z] <<< [apiv2][status] POST https://cloudresourcemanager.googleapis.com/v1/projects/freemiumarticles:testIamPermissions 200
[debug] [2023-01-27T14:25:49.013Z] <<< [apiv2][body] POST https://cloudresourcemanager.googleapis.com/v1/projects/freemiumarticles:testIamPermissions {"permissions":["firebase.projects.get","firebasehosting.sites.update"]}
[debug] [2023-01-27T14:25:49.016Z] >>> [apiv2][query] GET https://firebase.googleapis.com/v1beta1/projects/freemiumarticles [none]
[debug] [2023-01-27T14:25:49.585Z] <<< [apiv2][status] GET https://firebase.googleapis.com/v1beta1/projects/freemiumarticles 200
[debug] [2023-01-27T14:25:49.585Z] <<< [apiv2][body] GET https://firebase.googleapis.com/v1beta1/projects/freemiumarticles {"projectId":"freemiumarticles","projectNumber":"219330232144","displayName":"FreeMiumArticles","name":"projects/freemiumarticles","resources":{"hostingSite":"freemiumarticles"},"state":"ACTIVE","etag":"1_3ee01e21-8c93-4d56-ae4d-e36187977a36"}
[info] 
[info] === Deploying to 'freemiumarticles'...
[info] 
[info] i  deploying hosting 
[debug] [2023-01-27T14:25:49.590Z] >>> [apiv2][query] POST https://firebasehosting.googleapis.com/v1beta1/projects/-/sites/freemiumarticles/versions [none]
[debug] [2023-01-27T14:25:49.591Z] >>> [apiv2][body] POST https://firebasehosting.googleapis.com/v1beta1/projects/-/sites/freemiumarticles/versions {"status":"CREATED","labels":{"deployment-tool":"cli-firebase"}}
[debug] [2023-01-27T14:25:51.168Z] <<< [apiv2][status] POST https://firebasehosting.googleapis.com/v1beta1/projects/-/sites/freemiumarticles/versions 200
[debug] [2023-01-27T14:25:51.168Z] <<< [apiv2][body] POST https://firebasehosting.googleapis.com/v1beta1/projects/-/sites/freemiumarticles/versions {"name":"projects/219330232144/sites/freemiumarticles/versions/71143c814433ef7c","status":"CREATED","config":{},"labels":{"deployment-tool":"cli-firebase"}}
[info] i  hosting[freemiumarticles]: beginning deploy... 
[info] i  hosting[freemiumarticles]: found 19 files in build 
[debug] [2023-01-27T14:25:51.177Z] [hosting] uploading with 200 concurrency
